<?xml version="1.0" encoding="UTF-8"?>
<testsuite name="com.addressbook.PersonTest" tests="1" skipped="0" failures="0" errors="0" timestamp="2023-01-30T11:17:57" hostname="bhagvatj-ThinkPad-E14-Gen-4" time="0.56">
  <properties/>
  <testcase name="create person()" classname="com.addressbook.PersonTest" time="0.56"/>
  <system-out><![CDATA[]]></system-out>
  <system-err><![CDATA[SLF4J: Failed to load class "org.slf4j.impl.StaticLoggerBinder".
SLF4J: Defaulting to no-operation (NOP) logger implementation
SLF4J: See http://www.slf4j.org/codes.html#StaticLoggerBinder for further details.
]]></system-err>
</testsuite>
