<?xml version="1.0" encoding="UTF-8"?>
<testsuite name="com.addressbook.PersonTest" tests="1" skipped="0" failures="0" errors="0" timestamp="2023-01-30T17:21:30" hostname="bhagvatj-ThinkPad-E14-Gen-4" time="0.075">
  <properties/>
  <testcase name="add group()" classname="com.addressbook.PersonTest" time="0.075"/>
  <system-out><![CDATA[com.addressbook.storages.GroupDB@1162410a
]]></system-out>
  <system-err><![CDATA[SLF4J: Failed to load class "org.slf4j.impl.StaticLoggerBinder".
SLF4J: Defaulting to no-operation (NOP) logger implementation
SLF4J: See http://www.slf4j.org/codes.html#StaticLoggerBinder for further details.
]]></system-err>
</testsuite>
