<?xml version="1.0" encoding="UTF-8"?>
<testsuite name="com.addressbook.PersonTest" tests="12" skipped="0" failures="0" errors="0" timestamp="2023-01-31T11:41:47" hostname="bhagvatj-ThinkPad-E14-Gen-4" time="0.612">
  <properties/>
  <testcase name="show address()" classname="com.addressbook.PersonTest" time="0.116"/>
  <testcase name="create person()" classname="com.addressbook.PersonTest" time="0.011"/>
  <testcase name="update person()" classname="com.addressbook.PersonTest" time="0.048"/>
  <testcase name="add email()" classname="com.addressbook.PersonTest" time="0.022"/>
  <testcase name="add group()" classname="com.addressbook.PersonTest" time="0.04"/>
  <testcase name="update address()" classname="com.addressbook.PersonTest" time="0.033"/>
  <testcase name="connect group with person()" classname="com.addressbook.PersonTest" time="0.103"/>
  <testcase name="add phoneNumber()" classname="com.addressbook.PersonTest" time="0.029"/>
  <testcase name="remove address by addressId()" classname="com.addressbook.PersonTest" time="0.059"/>
  <testcase name="remove address by personId()" classname="com.addressbook.PersonTest" time="0.059"/>
  <testcase name="remove person()" classname="com.addressbook.PersonTest" time="0.054"/>
  <testcase name="add address()" classname="com.addressbook.PersonTest" time="0.023"/>
  <system-out><![CDATA[Either.Right([Address(addressId=0b081397-4f5d-4f65-9415-44ed97a21213, personId=147de903-3182-405f-b396-7eba2b7973d9, addressType=Home, addressLine=Baroda), Address(addressId=fde755bd-947b-412e-81ad-18ec2261c851, personId=970c69a1-d7c5-4056-88a6-d113586e542d, addressType=Home, addressLine=Surat)])
Address(addressId=19646e5f-d06d-4e7e-a6dd-bf8a7a2c6398, personId=04a29924-9b9e-4040-9703-900a19361bd2, addressType=Home, addressLine=Baroda_Updated)
Either.Right([Address(addressId=0b081397-4f5d-4f65-9415-44ed97a21213, personId=147de903-3182-405f-b396-7eba2b7973d9, addressType=Home, addressLine=Baroda), Address(addressId=19646e5f-d06d-4e7e-a6dd-bf8a7a2c6398, personId=04a29924-9b9e-4040-9703-900a19361bd2, addressType=Home, addressLine=Baroda_Updated), Address(addressId=5b6ebbdb-fd69-4d6e-a7d4-83b24b17b860, personId=b19f18ab-fb62-44f6-93d7-88e2d80997be, addressType=Home, addressLine=Baroda), Address(addressId=86b593c8-7649-46af-ba74-22284572c02f, personId=24aefc6c-c44a-41a4-92ec-9c32c19910c8, addressType=Home, addressLine=Surat), Address(addressId=fde755bd-947b-412e-81ad-18ec2261c851, personId=970c69a1-d7c5-4056-88a6-d113586e542d, addressType=Home, addressLine=Surat)])
Either.Right([Address(addressId=0b081397-4f5d-4f65-9415-44ed97a21213, personId=147de903-3182-405f-b396-7eba2b7973d9, addressType=Home, addressLine=Baroda), Address(addressId=19646e5f-d06d-4e7e-a6dd-bf8a7a2c6398, personId=04a29924-9b9e-4040-9703-900a19361bd2, addressType=Home, addressLine=Baroda_Updated), Address(addressId=86b593c8-7649-46af-ba74-22284572c02f, personId=24aefc6c-c44a-41a4-92ec-9c32c19910c8, addressType=Home, addressLine=Surat), Address(addressId=fde755bd-947b-412e-81ad-18ec2261c851, personId=970c69a1-d7c5-4056-88a6-d113586e542d, addressType=Home, addressLine=Surat)])
Either.Right([Address(addressId=0b081397-4f5d-4f65-9415-44ed97a21213, personId=147de903-3182-405f-b396-7eba2b7973d9, addressType=Home, addressLine=Baroda), Address(addressId=19646e5f-d06d-4e7e-a6dd-bf8a7a2c6398, personId=04a29924-9b9e-4040-9703-900a19361bd2, addressType=Home, addressLine=Baroda_Updated), Address(addressId=86b593c8-7649-46af-ba74-22284572c02f, personId=24aefc6c-c44a-41a4-92ec-9c32c19910c8, addressType=Home, addressLine=Surat), Address(addressId=c32a22a8-5e06-480f-a71c-cc55f7f474ef, personId=ff1aa9b5-35fd-4b6a-8281-903466a84b34, addressType=Home, addressLine=Surat), Address(addressId=d0a331a8-db89-4677-93e4-70ef74230486, personId=ba6cd339-615e-4e54-96e0-9b8f30c56e57, addressType=Home, addressLine=Baroda), Address(addressId=fde755bd-947b-412e-81ad-18ec2261c851, personId=970c69a1-d7c5-4056-88a6-d113586e542d, addressType=Home, addressLine=Surat)])
Either.Right([Address(addressId=0b081397-4f5d-4f65-9415-44ed97a21213, personId=147de903-3182-405f-b396-7eba2b7973d9, addressType=Home, addressLine=Baroda), Address(addressId=19646e5f-d06d-4e7e-a6dd-bf8a7a2c6398, personId=04a29924-9b9e-4040-9703-900a19361bd2, addressType=Home, addressLine=Baroda_Updated), Address(addressId=86b593c8-7649-46af-ba74-22284572c02f, personId=24aefc6c-c44a-41a4-92ec-9c32c19910c8, addressType=Home, addressLine=Surat), Address(addressId=c32a22a8-5e06-480f-a71c-cc55f7f474ef, personId=ff1aa9b5-35fd-4b6a-8281-903466a84b34, addressType=Home, addressLine=Surat), Address(addressId=fde755bd-947b-412e-81ad-18ec2261c851, personId=970c69a1-d7c5-4056-88a6-d113586e542d, addressType=Home, addressLine=Surat)])
Either.Right([Person(personId=043e989a-d22c-452d-8999-e0fe397c6d61, firstName=Parth, lastName=Raval), Person(personId=04a29924-9b9e-4040-9703-900a19361bd2, firstName=BhagvatSinh, lastName=Jadeja), Person(personId=147de903-3182-405f-b396-7eba2b7973d9, firstName=BhagvatSinh, lastName=Jadeja), Person(personId=24aefc6c-c44a-41a4-92ec-9c32c19910c8, firstName=Hamza, lastName=Malik), Person(personId=2a3a01e4-2605-4336-9829-02736872b9ed, firstName=BhagvatSinh, lastName=Jadeja), Person(personId=3ab078bb-15d3-437a-a5c5-ccb4c3f49e92, firstName=BhagvatSinh, lastName=Jadeja), Person(personId=46eefcfb-87d2-4aa2-b1fd-fcc701bb1e82, firstName=Parth, lastName=Raval), Person(personId=5045fbb6-85bd-42a7-aea2-7f1426ddd2b0, firstName=BhagvatSinh, lastName=Jadeja), Person(personId=8c317688-1317-4a03-9cee-20b3c880ce2c, firstName=Hamza, lastName=Malik), Person(personId=970c69a1-d7c5-4056-88a6-d113586e542d, firstName=Hamza, lastName=Malik), Person(personId=9c998591-5a44-4f8e-8c7c-3b5b79b43b32, firstName=BhagvatSinh, lastName=Jadeja), Person(personId=a53ed9fc-9770-4f8f-abc6-e7aede5cbeb3, firstName=BhagvatSinh, lastName=Jadeja), Person(personId=b19f18ab-fb62-44f6-93d7-88e2d80997be, firstName=BhagvatSinh, lastName=Jadeja), Person(personId=ba6cd339-615e-4e54-96e0-9b8f30c56e57, firstName=BhagvatSinh, lastName=Jadeja), Person(personId=cbf3472e-0af5-4c1f-a276-344f9681c5e3, firstName=BhagvatSinh, lastName=Jadeja), Person(personId=ea22e2f0-f41f-41e4-b2de-4938146418ed, firstName=Paaaarth, lastName=Raval), Person(personId=fd1ef43d-0a67-43a0-ae13-c8ee17e710b1, firstName=Hamza, lastName=Malik), Person(personId=ff1aa9b5-35fd-4b6a-8281-903466a84b34, firstName=Hamza, lastName=Malik)])
]]></system-out>
  <system-err><![CDATA[SLF4J: Failed to load class "org.slf4j.impl.StaticLoggerBinder".
SLF4J: Defaulting to no-operation (NOP) logger implementation
SLF4J: See http://www.slf4j.org/codes.html#StaticLoggerBinder for further details.
]]></system-err>
</testsuite>
